<?xml version="1.0" encoding="UTF-8"?>
<!-- Generated by org.testng.reporters.JUnitReportReporter -->
<testsuite skipped="0" hostname="LAPTOP-QLD5DGRQ" name="com.runner.TestNGRunner" tests="6" failures="0" timestamp="2021-11-05T19:41:18 IST" time="114.536" errors="0">
  <testcase name="runScenario" time="19.263" classname="com.runner.TestNGRunner"/>
  <system-out/>
  <testcase name="runScenario" time="19.324" classname="com.runner.TestNGRunner"/>
  <system-out/>
  <testcase name="runScenario" time="18.742" classname="com.runner.TestNGRunner"/>
  <system-out/>
  <testcase name="runScenario" time="18.848" classname="com.runner.TestNGRunner"/>
  <system-out/>
  <testcase name="runScenario" time="19.511" classname="com.runner.TestNGRunner"/>
  <system-out/>
  <testcase name="runScenario" time="18.848" classname="com.runner.TestNGRunner"/>
  <system-out/>
</testsuite> <!-- com.runner.TestNGRunner -->
