<?xml version="1.0" encoding="UTF-8"?>
<!-- Generated by org.testng.reporters.JUnitReportReporter -->
<testsuite skipped="0" hostname="LAPTOP-QLD5DGRQ" name="parallel.TestNGRunCucumberIT" tests="2" failures="0" timestamp="2021-11-05T19:02:00 IST" time="21.967" errors="0">
  <testcase name="runScenario" time="11.111" classname="parallel.TestNGRunCucumberIT"/>
  <system-out/>
  <testcase name="runScenario" time="10.856" classname="parallel.TestNGRunCucumberIT"/>
  <system-out/>
</testsuite> <!-- parallel.TestNGRunCucumberIT -->
